   1               		.file	"preonic.c"
   2               	__SP_H__ = 0x3e
   3               	__SP_L__ = 0x3d
   4               	__SREG__ = 0x3f
   5               	__tmp_reg__ = 0
   6               	__zero_reg__ = 1
   7               		.text
   8               	.Ltext0:
   9               		.cfi_sections	.debug_frame
  10               		.section	.text.matrix_init_kb,"ax",@progbits
  11               	.global	matrix_init_kb
  13               	matrix_init_kb:
  14               	.LFB107:
  15               		.file 1 "../../../../keyboards/preonic/preonic.c"
   1:../../../../keyboards/preonic/preonic.c **** #include "preonic.h"
   2:../../../../keyboards/preonic/preonic.c **** 
   3:../../../../keyboards/preonic/preonic.c **** void matrix_init_kb(void) {
  16               		.loc 1 3 0
  17               		.cfi_startproc
  18               	/* prologue: function */
  19               	/* frame size = 0 */
  20               	/* stack size = 0 */
  21               	.L__stack_usage = 0
   4:../../../../keyboards/preonic/preonic.c **** 
   5:../../../../keyboards/preonic/preonic.c ****     // Turn status LED on
   6:../../../../keyboards/preonic/preonic.c ****     DDRE |= (1<<6);
  22               		.loc 1 6 0
  23 0000 6E9A      		sbi 0xd,6
   7:../../../../keyboards/preonic/preonic.c ****     PORTE |= (1<<6);
  24               		.loc 1 7 0
  25 0002 769A      		sbi 0xe,6
   8:../../../../keyboards/preonic/preonic.c **** 
   9:../../../../keyboards/preonic/preonic.c **** 	matrix_init_user();
  26               		.loc 1 9 0
  27 0004 0C94 0000 		jmp matrix_init_user
  28               	.LVL0:
  29               		.cfi_endproc
  30               	.LFE107:
  32               		.text
  33               	.Letext0:
  34               		.file 2 "/usr/local/Cellar/avr-gcc/4.9.3/avr/include/stdint.h"
  35               		.file 3 "../../../../tmk_core/protocol/lufa/LUFA-git/LUFA/Drivers/USB/Core/USBTask.h"
  36               		.file 4 "../../../../quantum/quantum.h"
DEFINED SYMBOLS
                            *ABS*:0000000000000000 preonic.c
/var/folders/dz/_5509m0x1cvcwp6fj8ygb2300000gn/T//cc3NlgHF.s:2      *ABS*:000000000000003e __SP_H__
/var/folders/dz/_5509m0x1cvcwp6fj8ygb2300000gn/T//cc3NlgHF.s:3      *ABS*:000000000000003d __SP_L__
/var/folders/dz/_5509m0x1cvcwp6fj8ygb2300000gn/T//cc3NlgHF.s:4      *ABS*:000000000000003f __SREG__
/var/folders/dz/_5509m0x1cvcwp6fj8ygb2300000gn/T//cc3NlgHF.s:5      *ABS*:0000000000000000 __tmp_reg__
/var/folders/dz/_5509m0x1cvcwp6fj8ygb2300000gn/T//cc3NlgHF.s:6      *ABS*:0000000000000001 __zero_reg__
/var/folders/dz/_5509m0x1cvcwp6fj8ygb2300000gn/T//cc3NlgHF.s:13     .text.matrix_init_kb:0000000000000000 matrix_init_kb

UNDEFINED SYMBOLS
matrix_init_user
