   1               		.file	"process_leader.c"
   2               	__SP_H__ = 0x3e
   3               	__SP_L__ = 0x3d
   4               	__SREG__ = 0x3f
   5               	__tmp_reg__ = 0
   6               	__zero_reg__ = 1
   7               		.text
   8               	.Ltext0:
   9               		.cfi_sections	.debug_frame
  10               		.section	.text.leader_start,"ax",@progbits
  11               		.weak	leader_start
  13               	leader_start:
  14               	.LFB107:
  15               		.file 1 "../../../../quantum/process_keycode/process_leader.c"
   1:../../../../quantum/process_keycode/process_leader.c **** #include "process_leader.h"
   2:../../../../quantum/process_keycode/process_leader.c **** 
   3:../../../../quantum/process_keycode/process_leader.c **** __attribute__ ((weak))
   4:../../../../quantum/process_keycode/process_leader.c **** void leader_start(void) {}
  16               		.loc 1 4 0
  17               		.cfi_startproc
  18               	/* prologue: function */
  19               	/* frame size = 0 */
  20               	/* stack size = 0 */
  21               	.L__stack_usage = 0
  22 0000 0895      		ret
  23               		.cfi_endproc
  24               	.LFE107:
  26               		.section	.text.leader_end,"ax",@progbits
  27               		.weak	leader_end
  29               	leader_end:
  30               	.LFB108:
   5:../../../../quantum/process_keycode/process_leader.c **** 
   6:../../../../quantum/process_keycode/process_leader.c **** __attribute__ ((weak))
   7:../../../../quantum/process_keycode/process_leader.c **** void leader_end(void) {}
  31               		.loc 1 7 0
  32               		.cfi_startproc
  33               	/* prologue: function */
  34               	/* frame size = 0 */
  35               	/* stack size = 0 */
  36               	.L__stack_usage = 0
  37 0000 0895      		ret
  38               		.cfi_endproc
  39               	.LFE108:
  41               		.section	.text.process_leader,"ax",@progbits
  42               	.global	process_leader
  44               	process_leader:
  45               	.LFB109:
   8:../../../../quantum/process_keycode/process_leader.c **** 
   9:../../../../quantum/process_keycode/process_leader.c **** // Leader key stuff
  10:../../../../quantum/process_keycode/process_leader.c **** bool leading = false;
  11:../../../../quantum/process_keycode/process_leader.c **** uint16_t leader_time = 0;
  12:../../../../quantum/process_keycode/process_leader.c **** 
  13:../../../../quantum/process_keycode/process_leader.c **** uint16_t leader_sequence[5] = {0, 0, 0, 0, 0};
  14:../../../../quantum/process_keycode/process_leader.c **** uint8_t leader_sequence_size = 0;
  15:../../../../quantum/process_keycode/process_leader.c **** 
  16:../../../../quantum/process_keycode/process_leader.c **** bool process_leader(uint16_t keycode, keyrecord_t *record) {
  46               		.loc 1 16 0
  47               		.cfi_startproc
  48               	.LVL0:
  49               		.loc 1 16 0
  50 0000 0F93      		push r16
  51               	.LCFI0:
  52               		.cfi_def_cfa_offset 3
  53               		.cfi_offset 16, -2
  54 0002 1F93      		push r17
  55               	.LCFI1:
  56               		.cfi_def_cfa_offset 4
  57               		.cfi_offset 17, -3
  58 0004 CF93      		push r28
  59               	.LCFI2:
  60               		.cfi_def_cfa_offset 5
  61               		.cfi_offset 28, -4
  62               	/* prologue: function */
  63               	/* frame size = 0 */
  64               	/* stack size = 3 */
  65               	.L__stack_usage = 3
  17:../../../../quantum/process_keycode/process_leader.c ****   // Leader key set-up
  18:../../../../quantum/process_keycode/process_leader.c ****   if (record->event.pressed) {
  66               		.loc 1 18 0
  67 0006 FB01      		movw r30,r22
  68 0008 2281      		ldd r18,Z+2
  69 000a 2111      		cpse r18,__zero_reg__
  70 000c 00C0      		rjmp .L4
  71               	.LVL1:
  72               	.L7:
  19:../../../../quantum/process_keycode/process_leader.c ****     if (!leading && keycode == KC_LEAD) {
  20:../../../../quantum/process_keycode/process_leader.c ****       leader_start();
  21:../../../../quantum/process_keycode/process_leader.c ****       leading = true;
  22:../../../../quantum/process_keycode/process_leader.c ****       leader_time = timer_read();
  23:../../../../quantum/process_keycode/process_leader.c ****       leader_sequence_size = 0;
  24:../../../../quantum/process_keycode/process_leader.c ****       leader_sequence[0] = 0;
  25:../../../../quantum/process_keycode/process_leader.c ****       leader_sequence[1] = 0;
  26:../../../../quantum/process_keycode/process_leader.c ****       leader_sequence[2] = 0;
  27:../../../../quantum/process_keycode/process_leader.c ****       leader_sequence[3] = 0;
  28:../../../../quantum/process_keycode/process_leader.c ****       leader_sequence[4] = 0;
  29:../../../../quantum/process_keycode/process_leader.c ****       return false;
  30:../../../../quantum/process_keycode/process_leader.c ****     }
  31:../../../../quantum/process_keycode/process_leader.c ****     if (leading && timer_elapsed(leader_time) < LEADER_TIMEOUT) {
  32:../../../../quantum/process_keycode/process_leader.c ****       leader_sequence[leader_sequence_size] = keycode;
  33:../../../../quantum/process_keycode/process_leader.c ****       leader_sequence_size++;
  34:../../../../quantum/process_keycode/process_leader.c ****       return false;
  35:../../../../quantum/process_keycode/process_leader.c ****     }
  36:../../../../quantum/process_keycode/process_leader.c ****   }
  37:../../../../quantum/process_keycode/process_leader.c ****   return true;
  73               		.loc 1 37 0
  74 000e C1E0      		ldi r28,lo8(1)
  75 0010 00C0      		rjmp .L5
  76               	.LVL2:
  77               	.L4:
  78 0012 8C01      		movw r16,r24
  19:../../../../quantum/process_keycode/process_leader.c ****     if (!leading && keycode == KC_LEAD) {
  79               		.loc 1 19 0
  80 0014 C091 0000 		lds r28,leading
  81 0018 C111      		cpse r28,__zero_reg__
  82 001a 00C0      		rjmp .L6
  83               	.LVL3:
  19:../../../../quantum/process_keycode/process_leader.c ****     if (!leading && keycode == KC_LEAD) {
  84               		.loc 1 19 0 is_stmt 0 discriminator 1
  85 001c 8431      		cpi r24,20
  86 001e 9047      		sbci r25,112
  87 0020 01F4      		brne .L7
  20:../../../../quantum/process_keycode/process_leader.c ****       leading = true;
  88               		.loc 1 20 0 is_stmt 1
  89 0022 0E94 0000 		call leader_start
  90               	.LVL4:
  21:../../../../quantum/process_keycode/process_leader.c ****       leader_time = timer_read();
  91               		.loc 1 21 0
  92 0026 81E0      		ldi r24,lo8(1)
  93 0028 8093 0000 		sts leading,r24
  22:../../../../quantum/process_keycode/process_leader.c ****       leader_sequence_size = 0;
  94               		.loc 1 22 0
  95 002c 0E94 0000 		call timer_read
  96               	.LVL5:
  97 0030 9093 0000 		sts leader_time+1,r25
  98 0034 8093 0000 		sts leader_time,r24
  23:../../../../quantum/process_keycode/process_leader.c ****       leader_sequence[0] = 0;
  99               		.loc 1 23 0
 100 0038 1092 0000 		sts leader_sequence_size,__zero_reg__
  24:../../../../quantum/process_keycode/process_leader.c ****       leader_sequence[1] = 0;
 101               		.loc 1 24 0
 102 003c 1092 0000 		sts leader_sequence+1,__zero_reg__
 103 0040 1092 0000 		sts leader_sequence,__zero_reg__
  25:../../../../quantum/process_keycode/process_leader.c ****       leader_sequence[2] = 0;
 104               		.loc 1 25 0
 105 0044 1092 0000 		sts leader_sequence+2+1,__zero_reg__
 106 0048 1092 0000 		sts leader_sequence+2,__zero_reg__
  26:../../../../quantum/process_keycode/process_leader.c ****       leader_sequence[3] = 0;
 107               		.loc 1 26 0
 108 004c 1092 0000 		sts leader_sequence+4+1,__zero_reg__
 109 0050 1092 0000 		sts leader_sequence+4,__zero_reg__
  27:../../../../quantum/process_keycode/process_leader.c ****       leader_sequence[4] = 0;
 110               		.loc 1 27 0
 111 0054 1092 0000 		sts leader_sequence+6+1,__zero_reg__
 112 0058 1092 0000 		sts leader_sequence+6,__zero_reg__
  28:../../../../quantum/process_keycode/process_leader.c ****       return false;
 113               		.loc 1 28 0
 114 005c 1092 0000 		sts leader_sequence+8+1,__zero_reg__
 115 0060 1092 0000 		sts leader_sequence+8,__zero_reg__
  29:../../../../quantum/process_keycode/process_leader.c ****     }
 116               		.loc 1 29 0
 117 0064 00C0      		rjmp .L5
 118               	.LVL6:
 119               	.L6:
  31:../../../../quantum/process_keycode/process_leader.c ****       leader_sequence[leader_sequence_size] = keycode;
 120               		.loc 1 31 0 discriminator 1
 121 0066 8091 0000 		lds r24,leader_time
 122 006a 9091 0000 		lds r25,leader_time+1
 123 006e 0E94 0000 		call timer_elapsed
 124               	.LVL7:
 125 0072 883C      		cpi r24,-56
 126 0074 9105      		cpc r25,__zero_reg__
 127 0076 00F4      		brsh .L7
  32:../../../../quantum/process_keycode/process_leader.c ****       leader_sequence_size++;
 128               		.loc 1 32 0
 129 0078 9091 0000 		lds r25,leader_sequence_size
 130 007c E92F      		mov r30,r25
 131 007e F0E0      		ldi r31,0
 132 0080 EE0F      		lsl r30
 133 0082 FF1F      		rol r31
 134 0084 E050      		subi r30,lo8(-(leader_sequence))
 135 0086 F040      		sbci r31,hi8(-(leader_sequence))
 136 0088 1183      		std Z+1,r17
 137 008a 0083      		st Z,r16
  33:../../../../quantum/process_keycode/process_leader.c ****       return false;
 138               		.loc 1 33 0
 139 008c 9F5F      		subi r25,lo8(-(1))
 140 008e 9093 0000 		sts leader_sequence_size,r25
  34:../../../../quantum/process_keycode/process_leader.c ****     }
 141               		.loc 1 34 0
 142 0092 C0E0      		ldi r28,0
 143               	.LVL8:
 144               	.L5:
  38:../../../../quantum/process_keycode/process_leader.c **** }...
 145               		.loc 1 38 0
 146 0094 8C2F      		mov r24,r28
 147               	/* epilogue start */
 148 0096 CF91      		pop r28
 149 0098 1F91      		pop r17
 150 009a 0F91      		pop r16
 151 009c 0895      		ret
 152               		.cfi_endproc
 153               	.LFE109:
 155               	.global	leader_sequence_size
 156               		.section	.bss.leader_sequence_size,"aw",@nobits
 159               	leader_sequence_size:
 160 0000 00        		.zero	1
 161               	.global	leader_sequence
 162               		.section	.bss.leader_sequence,"aw",@nobits
 165               	leader_sequence:
 166 0000 0000 0000 		.zero	10
 166      0000 0000 
 166      0000 
 167               	.global	leader_time
 168               		.section	.bss.leader_time,"aw",@nobits
 171               	leader_time:
 172 0000 0000      		.zero	2
 173               	.global	leading
 174               		.section	.bss.leading,"aw",@nobits
 177               	leading:
 178 0000 00        		.zero	1
 179               		.text
 180               	.Letext0:
 181               		.file 2 "/usr/local/Cellar/avr-gcc/4.9.3/avr/include/stdint.h"
 182               		.file 3 "../../../../tmk_core/common/keyboard.h"
 183               		.file 4 "../../../../tmk_core/common/action.h"
 184               		.file 5 "../../../../tmk_core/protocol/lufa/LUFA-git/LUFA/Drivers/USB/Core/USBTask.h"
 185               		.file 6 "../../../../quantum/keymap.h"
 186               		.file 7 "../../../../tmk_core/common/timer.h"
DEFINED SYMBOLS
                            *ABS*:0000000000000000 process_leader.c
/var/folders/dz/_5509m0x1cvcwp6fj8ygb2300000gn/T//ccOKjLyb.s:2      *ABS*:000000000000003e __SP_H__
/var/folders/dz/_5509m0x1cvcwp6fj8ygb2300000gn/T//ccOKjLyb.s:3      *ABS*:000000000000003d __SP_L__
/var/folders/dz/_5509m0x1cvcwp6fj8ygb2300000gn/T//ccOKjLyb.s:4      *ABS*:000000000000003f __SREG__
/var/folders/dz/_5509m0x1cvcwp6fj8ygb2300000gn/T//ccOKjLyb.s:5      *ABS*:0000000000000000 __tmp_reg__
/var/folders/dz/_5509m0x1cvcwp6fj8ygb2300000gn/T//ccOKjLyb.s:6      *ABS*:0000000000000001 __zero_reg__
/var/folders/dz/_5509m0x1cvcwp6fj8ygb2300000gn/T//ccOKjLyb.s:13     .text.leader_start:0000000000000000 leader_start
/var/folders/dz/_5509m0x1cvcwp6fj8ygb2300000gn/T//ccOKjLyb.s:29     .text.leader_end:0000000000000000 leader_end
/var/folders/dz/_5509m0x1cvcwp6fj8ygb2300000gn/T//ccOKjLyb.s:44     .text.process_leader:0000000000000000 process_leader
/var/folders/dz/_5509m0x1cvcwp6fj8ygb2300000gn/T//ccOKjLyb.s:177    .bss.leading:0000000000000000 leading
/var/folders/dz/_5509m0x1cvcwp6fj8ygb2300000gn/T//ccOKjLyb.s:171    .bss.leader_time:0000000000000000 leader_time
/var/folders/dz/_5509m0x1cvcwp6fj8ygb2300000gn/T//ccOKjLyb.s:159    .bss.leader_sequence_size:0000000000000000 leader_sequence_size
/var/folders/dz/_5509m0x1cvcwp6fj8ygb2300000gn/T//ccOKjLyb.s:165    .bss.leader_sequence:0000000000000000 leader_sequence

UNDEFINED SYMBOLS
timer_read
timer_elapsed
__do_clear_bss
