   1               		.file	"eeconfig.c"
   2               	__SP_H__ = 0x3e
   3               	__SP_L__ = 0x3d
   4               	__SREG__ = 0x3f
   5               	__tmp_reg__ = 0
   6               	__zero_reg__ = 1
   7               		.text
   8               	.Ltext0:
   9               		.cfi_sections	.debug_frame
  10               		.section	.text.eeconfig_init,"ax",@progbits
  11               	.global	eeconfig_init
  13               	eeconfig_init:
  14               	.LFB0:
  15               		.file 1 "../../../../tmk_core/common/eeconfig.c"
   1:../../../../tmk_core/common/eeconfig.c **** #include <stdint.h>
   2:../../../../tmk_core/common/eeconfig.c **** #include <stdbool.h>
   3:../../../../tmk_core/common/eeconfig.c **** #include "eeprom.h"
   4:../../../../tmk_core/common/eeconfig.c **** #include "eeconfig.h"
   5:../../../../tmk_core/common/eeconfig.c **** 
   6:../../../../tmk_core/common/eeconfig.c **** void eeconfig_init(void)
   7:../../../../tmk_core/common/eeconfig.c **** {
  16               		.loc 1 7 0
  17               		.cfi_startproc
  18               	/* prologue: function */
  19               	/* frame size = 0 */
  20               	/* stack size = 0 */
  21               	.L__stack_usage = 0
   8:../../../../tmk_core/common/eeconfig.c ****     eeprom_update_word(EECONFIG_MAGIC,          EECONFIG_MAGIC_NUMBER);
  22               		.loc 1 8 0
  23 0000 6DEE      		ldi r22,lo8(-19)
  24 0002 7EEF      		ldi r23,lo8(-2)
  25 0004 80E0      		ldi r24,0
  26 0006 90E0      		ldi r25,0
  27 0008 0E94 0000 		call eeprom_update_word
  28               	.LVL0:
   9:../../../../tmk_core/common/eeconfig.c ****     eeprom_update_byte(EECONFIG_DEBUG,          0);
  29               		.loc 1 9 0
  30 000c 60E0      		ldi r22,0
  31 000e 82E0      		ldi r24,lo8(2)
  32 0010 90E0      		ldi r25,0
  33 0012 0E94 0000 		call eeprom_update_byte
  34               	.LVL1:
  10:../../../../tmk_core/common/eeconfig.c ****     eeprom_update_byte(EECONFIG_DEFAULT_LAYER,  0);
  35               		.loc 1 10 0
  36 0016 60E0      		ldi r22,0
  37 0018 83E0      		ldi r24,lo8(3)
  38 001a 90E0      		ldi r25,0
  39 001c 0E94 0000 		call eeprom_update_byte
  40               	.LVL2:
  11:../../../../tmk_core/common/eeconfig.c ****     eeprom_update_byte(EECONFIG_KEYMAP,         0);
  41               		.loc 1 11 0
  42 0020 60E0      		ldi r22,0
  43 0022 84E0      		ldi r24,lo8(4)
  44 0024 90E0      		ldi r25,0
  45 0026 0E94 0000 		call eeprom_update_byte
  46               	.LVL3:
  12:../../../../tmk_core/common/eeconfig.c ****     eeprom_update_byte(EECONFIG_MOUSEKEY_ACCEL, 0);
  47               		.loc 1 12 0
  48 002a 60E0      		ldi r22,0
  49 002c 85E0      		ldi r24,lo8(5)
  50 002e 90E0      		ldi r25,0
  51 0030 0E94 0000 		call eeprom_update_byte
  52               	.LVL4:
  13:../../../../tmk_core/common/eeconfig.c **** #ifdef BACKLIGHT_ENABLE
  14:../../../../tmk_core/common/eeconfig.c ****     eeprom_update_byte(EECONFIG_BACKLIGHT,      0);
  53               		.loc 1 14 0
  54 0034 60E0      		ldi r22,0
  55 0036 86E0      		ldi r24,lo8(6)
  56 0038 90E0      		ldi r25,0
  57 003a 0E94 0000 		call eeprom_update_byte
  58               	.LVL5:
  15:../../../../tmk_core/common/eeconfig.c **** #endif
  16:../../../../tmk_core/common/eeconfig.c **** #ifdef AUDIO_ENABLE
  17:../../../../tmk_core/common/eeconfig.c ****     eeprom_update_byte(EECONFIG_AUDIO,             0xFF); // On by default
  59               		.loc 1 17 0
  60 003e 6FEF      		ldi r22,lo8(-1)
  61 0040 87E0      		ldi r24,lo8(7)
  62 0042 90E0      		ldi r25,0
  63 0044 0C94 0000 		jmp eeprom_update_byte
  64               	.LVL6:
  65               		.cfi_endproc
  66               	.LFE0:
  68               		.section	.text.eeconfig_enable,"ax",@progbits
  69               	.global	eeconfig_enable
  71               	eeconfig_enable:
  72               	.LFB1:
  18:../../../../tmk_core/common/eeconfig.c **** #endif
  19:../../../../tmk_core/common/eeconfig.c **** #ifdef RGBLIGHT_ENABLE
  20:../../../../tmk_core/common/eeconfig.c ****     eeprom_update_dword(EECONFIG_RGBLIGHT,      0);
  21:../../../../tmk_core/common/eeconfig.c **** #endif
  22:../../../../tmk_core/common/eeconfig.c **** }
  23:../../../../tmk_core/common/eeconfig.c **** 
  24:../../../../tmk_core/common/eeconfig.c **** void eeconfig_enable(void)
  25:../../../../tmk_core/common/eeconfig.c **** {
  73               		.loc 1 25 0
  74               		.cfi_startproc
  75               	/* prologue: function */
  76               	/* frame size = 0 */
  77               	/* stack size = 0 */
  78               	.L__stack_usage = 0
  26:../../../../tmk_core/common/eeconfig.c ****     eeprom_update_word(EECONFIG_MAGIC, EECONFIG_MAGIC_NUMBER);
  79               		.loc 1 26 0
  80 0000 6DEE      		ldi r22,lo8(-19)
  81 0002 7EEF      		ldi r23,lo8(-2)
  82 0004 80E0      		ldi r24,0
  83 0006 90E0      		ldi r25,0
  84 0008 0C94 0000 		jmp eeprom_update_word
  85               	.LVL7:
  86               		.cfi_endproc
  87               	.LFE1:
  89               		.section	.text.eeconfig_disable,"ax",@progbits
  90               	.global	eeconfig_disable
  92               	eeconfig_disable:
  93               	.LFB2:
  27:../../../../tmk_core/common/eeconfig.c **** }
  28:../../../../tmk_core/common/eeconfig.c **** 
  29:../../../../tmk_core/common/eeconfig.c **** void eeconfig_disable(void)
  30:../../../../tmk_core/common/eeconfig.c **** {
  94               		.loc 1 30 0
  95               		.cfi_startproc
  96               	/* prologue: function */
  97               	/* frame size = 0 */
  98               	/* stack size = 0 */
  99               	.L__stack_usage = 0
  31:../../../../tmk_core/common/eeconfig.c ****     eeprom_update_word(EECONFIG_MAGIC, 0xFFFF);
 100               		.loc 1 31 0
 101 0000 6FEF      		ldi r22,lo8(-1)
 102 0002 7FEF      		ldi r23,lo8(-1)
 103 0004 80E0      		ldi r24,0
 104 0006 90E0      		ldi r25,0
 105 0008 0C94 0000 		jmp eeprom_update_word
 106               	.LVL8:
 107               		.cfi_endproc
 108               	.LFE2:
 110               		.section	.text.eeconfig_is_enabled,"ax",@progbits
 111               	.global	eeconfig_is_enabled
 113               	eeconfig_is_enabled:
 114               	.LFB3:
  32:../../../../tmk_core/common/eeconfig.c **** }
  33:../../../../tmk_core/common/eeconfig.c **** 
  34:../../../../tmk_core/common/eeconfig.c **** bool eeconfig_is_enabled(void)
  35:../../../../tmk_core/common/eeconfig.c **** {
 115               		.loc 1 35 0
 116               		.cfi_startproc
 117               	/* prologue: function */
 118               	/* frame size = 0 */
 119               	/* stack size = 0 */
 120               	.L__stack_usage = 0
  36:../../../../tmk_core/common/eeconfig.c ****     return (eeprom_read_word(EECONFIG_MAGIC) == EECONFIG_MAGIC_NUMBER);
 121               		.loc 1 36 0
 122 0000 80E0      		ldi r24,0
 123 0002 90E0      		ldi r25,0
 124 0004 0E94 0000 		call eeprom_read_word
 125               	.LVL9:
 126 0008 21E0      		ldi r18,lo8(1)
 127 000a 8D3E      		cpi r24,-19
 128 000c 9E4F      		sbci r25,-2
 129 000e 01F0      		breq .L5
 130 0010 20E0      		ldi r18,0
 131               	.L5:
  37:../../../../tmk_core/common/eeconfig.c **** }
 132               		.loc 1 37 0
 133 0012 822F      		mov r24,r18
 134 0014 0895      		ret
 135               		.cfi_endproc
 136               	.LFE3:
 138               		.section	.text.eeconfig_read_debug,"ax",@progbits
 139               	.global	eeconfig_read_debug
 141               	eeconfig_read_debug:
 142               	.LFB4:
  38:../../../../tmk_core/common/eeconfig.c **** 
  39:../../../../tmk_core/common/eeconfig.c **** uint8_t eeconfig_read_debug(void)      { return eeprom_read_byte(EECONFIG_DEBUG); }
 143               		.loc 1 39 0
 144               		.cfi_startproc
 145               	/* prologue: function */
 146               	/* frame size = 0 */
 147               	/* stack size = 0 */
 148               	.L__stack_usage = 0
 149               		.loc 1 39 0
 150 0000 82E0      		ldi r24,lo8(2)
 151 0002 90E0      		ldi r25,0
 152 0004 0C94 0000 		jmp eeprom_read_byte
 153               	.LVL10:
 154               		.cfi_endproc
 155               	.LFE4:
 157               		.section	.text.eeconfig_update_debug,"ax",@progbits
 158               	.global	eeconfig_update_debug
 160               	eeconfig_update_debug:
 161               	.LFB5:
  40:../../../../tmk_core/common/eeconfig.c **** void eeconfig_update_debug(uint8_t val) { eeprom_update_byte(EECONFIG_DEBUG, val); }
 162               		.loc 1 40 0
 163               		.cfi_startproc
 164               	.LVL11:
 165               	/* prologue: function */
 166               	/* frame size = 0 */
 167               	/* stack size = 0 */
 168               	.L__stack_usage = 0
 169               		.loc 1 40 0
 170 0000 682F      		mov r22,r24
 171 0002 82E0      		ldi r24,lo8(2)
 172 0004 90E0      		ldi r25,0
 173               	.LVL12:
 174 0006 0C94 0000 		jmp eeprom_update_byte
 175               	.LVL13:
 176               		.cfi_endproc
 177               	.LFE5:
 179               		.section	.text.eeconfig_read_default_layer,"ax",@progbits
 180               	.global	eeconfig_read_default_layer
 182               	eeconfig_read_default_layer:
 183               	.LFB6:
  41:../../../../tmk_core/common/eeconfig.c **** 
  42:../../../../tmk_core/common/eeconfig.c **** uint8_t eeconfig_read_default_layer(void)      { return eeprom_read_byte(EECONFIG_DEFAULT_LAYER); }
 184               		.loc 1 42 0
 185               		.cfi_startproc
 186               	/* prologue: function */
 187               	/* frame size = 0 */
 188               	/* stack size = 0 */
 189               	.L__stack_usage = 0
 190               		.loc 1 42 0
 191 0000 83E0      		ldi r24,lo8(3)
 192 0002 90E0      		ldi r25,0
 193 0004 0C94 0000 		jmp eeprom_read_byte
 194               	.LVL14:
 195               		.cfi_endproc
 196               	.LFE6:
 198               		.section	.text.eeconfig_update_default_layer,"ax",@progbits
 199               	.global	eeconfig_update_default_layer
 201               	eeconfig_update_default_layer:
 202               	.LFB7:
  43:../../../../tmk_core/common/eeconfig.c **** void eeconfig_update_default_layer(uint8_t val) { eeprom_update_byte(EECONFIG_DEFAULT_LAYER, val); 
 203               		.loc 1 43 0
 204               		.cfi_startproc
 205               	.LVL15:
 206               	/* prologue: function */
 207               	/* frame size = 0 */
 208               	/* stack size = 0 */
 209               	.L__stack_usage = 0
 210               		.loc 1 43 0
 211 0000 682F      		mov r22,r24
 212 0002 83E0      		ldi r24,lo8(3)
 213 0004 90E0      		ldi r25,0
 214               	.LVL16:
 215 0006 0C94 0000 		jmp eeprom_update_byte
 216               	.LVL17:
 217               		.cfi_endproc
 218               	.LFE7:
 220               		.section	.text.eeconfig_read_keymap,"ax",@progbits
 221               	.global	eeconfig_read_keymap
 223               	eeconfig_read_keymap:
 224               	.LFB8:
  44:../../../../tmk_core/common/eeconfig.c **** 
  45:../../../../tmk_core/common/eeconfig.c **** uint8_t eeconfig_read_keymap(void)      { return eeprom_read_byte(EECONFIG_KEYMAP); }
 225               		.loc 1 45 0
 226               		.cfi_startproc
 227               	/* prologue: function */
 228               	/* frame size = 0 */
 229               	/* stack size = 0 */
 230               	.L__stack_usage = 0
 231               		.loc 1 45 0
 232 0000 84E0      		ldi r24,lo8(4)
 233 0002 90E0      		ldi r25,0
 234 0004 0C94 0000 		jmp eeprom_read_byte
 235               	.LVL18:
 236               		.cfi_endproc
 237               	.LFE8:
 239               		.section	.text.eeconfig_update_keymap,"ax",@progbits
 240               	.global	eeconfig_update_keymap
 242               	eeconfig_update_keymap:
 243               	.LFB9:
  46:../../../../tmk_core/common/eeconfig.c **** void eeconfig_update_keymap(uint8_t val) { eeprom_update_byte(EECONFIG_KEYMAP, val); }
 244               		.loc 1 46 0
 245               		.cfi_startproc
 246               	.LVL19:
 247               	/* prologue: function */
 248               	/* frame size = 0 */
 249               	/* stack size = 0 */
 250               	.L__stack_usage = 0
 251               		.loc 1 46 0
 252 0000 682F      		mov r22,r24
 253 0002 84E0      		ldi r24,lo8(4)
 254 0004 90E0      		ldi r25,0
 255               	.LVL20:
 256 0006 0C94 0000 		jmp eeprom_update_byte
 257               	.LVL21:
 258               		.cfi_endproc
 259               	.LFE9:
 261               		.section	.text.eeconfig_read_backlight,"ax",@progbits
 262               	.global	eeconfig_read_backlight
 264               	eeconfig_read_backlight:
 265               	.LFB10:
  47:../../../../tmk_core/common/eeconfig.c **** 
  48:../../../../tmk_core/common/eeconfig.c **** #ifdef BACKLIGHT_ENABLE
  49:../../../../tmk_core/common/eeconfig.c **** uint8_t eeconfig_read_backlight(void)      { return eeprom_read_byte(EECONFIG_BACKLIGHT); }
 266               		.loc 1 49 0
 267               		.cfi_startproc
 268               	/* prologue: function */
 269               	/* frame size = 0 */
 270               	/* stack size = 0 */
 271               	.L__stack_usage = 0
 272               		.loc 1 49 0
 273 0000 86E0      		ldi r24,lo8(6)
 274 0002 90E0      		ldi r25,0
 275 0004 0C94 0000 		jmp eeprom_read_byte
 276               	.LVL22:
 277               		.cfi_endproc
 278               	.LFE10:
 280               		.section	.text.eeconfig_update_backlight,"ax",@progbits
 281               	.global	eeconfig_update_backlight
 283               	eeconfig_update_backlight:
 284               	.LFB11:
  50:../../../../tmk_core/common/eeconfig.c **** void eeconfig_update_backlight(uint8_t val) { eeprom_update_byte(EECONFIG_BACKLIGHT, val); }
 285               		.loc 1 50 0
 286               		.cfi_startproc
 287               	.LVL23:
 288               	/* prologue: function */
 289               	/* frame size = 0 */
 290               	/* stack size = 0 */
 291               	.L__stack_usage = 0
 292               		.loc 1 50 0
 293 0000 682F      		mov r22,r24
 294 0002 86E0      		ldi r24,lo8(6)
 295 0004 90E0      		ldi r25,0
 296               	.LVL24:
 297 0006 0C94 0000 		jmp eeprom_update_byte
 298               	.LVL25:
 299               		.cfi_endproc
 300               	.LFE11:
 302               		.section	.text.eeconfig_read_audio,"ax",@progbits
 303               	.global	eeconfig_read_audio
 305               	eeconfig_read_audio:
 306               	.LFB12:
  51:../../../../tmk_core/common/eeconfig.c **** #endif
  52:../../../../tmk_core/common/eeconfig.c **** 
  53:../../../../tmk_core/common/eeconfig.c **** #ifdef AUDIO_ENABLE
  54:../../../../tmk_core/common/eeconfig.c **** uint8_t eeconfig_read_audio(void)      { return eeprom_read_byte(EECONFIG_AUDIO); }
 307               		.loc 1 54 0
 308               		.cfi_startproc
 309               	/* prologue: function */
 310               	/* frame size = 0 */
 311               	/* stack size = 0 */
 312               	.L__stack_usage = 0
 313               		.loc 1 54 0
 314 0000 87E0      		ldi r24,lo8(7)
 315 0002 90E0      		ldi r25,0
 316 0004 0C94 0000 		jmp eeprom_read_byte
 317               	.LVL26:
 318               		.cfi_endproc
 319               	.LFE12:
 321               		.section	.text.eeconfig_update_audio,"ax",@progbits
 322               	.global	eeconfig_update_audio
 324               	eeconfig_update_audio:
 325               	.LFB13:
  55:../../../../tmk_core/common/eeconfig.c **** void eeconfig_update_audio(uint8_t val) { eeprom_update_byte(EECONFIG_AUDIO, val); }
 326               		.loc 1 55 0
 327               		.cfi_startproc
 328               	.LVL27:
 329               	/* prologue: function */
 330               	/* frame size = 0 */
 331               	/* stack size = 0 */
 332               	.L__stack_usage = 0
 333               		.loc 1 55 0
 334 0000 682F      		mov r22,r24
 335 0002 87E0      		ldi r24,lo8(7)
 336 0004 90E0      		ldi r25,0
 337               	.LVL28:
 338 0006 0C94 0000 		jmp eeprom_update_byte
 339               	.LVL29:
 340               		.cfi_endproc
 341               	.LFE13:
 343               		.text
 344               	.Letext0:
 345               		.file 2 "/usr/local/Cellar/avr-gcc/4.9.3/avr/include/stdint.h"
 346               		.file 3 "/usr/local/Cellar/avr-gcc/4.9.3/avr/include/avr/eeprom.h"
DEFINED SYMBOLS
                            *ABS*:0000000000000000 eeconfig.c
/var/folders/dz/_5509m0x1cvcwp6fj8ygb2300000gn/T//cc8fssKk.s:2      *ABS*:000000000000003e __SP_H__
/var/folders/dz/_5509m0x1cvcwp6fj8ygb2300000gn/T//cc8fssKk.s:3      *ABS*:000000000000003d __SP_L__
/var/folders/dz/_5509m0x1cvcwp6fj8ygb2300000gn/T//cc8fssKk.s:4      *ABS*:000000000000003f __SREG__
/var/folders/dz/_5509m0x1cvcwp6fj8ygb2300000gn/T//cc8fssKk.s:5      *ABS*:0000000000000000 __tmp_reg__
/var/folders/dz/_5509m0x1cvcwp6fj8ygb2300000gn/T//cc8fssKk.s:6      *ABS*:0000000000000001 __zero_reg__
/var/folders/dz/_5509m0x1cvcwp6fj8ygb2300000gn/T//cc8fssKk.s:13     .text.eeconfig_init:0000000000000000 eeconfig_init
/var/folders/dz/_5509m0x1cvcwp6fj8ygb2300000gn/T//cc8fssKk.s:71     .text.eeconfig_enable:0000000000000000 eeconfig_enable
/var/folders/dz/_5509m0x1cvcwp6fj8ygb2300000gn/T//cc8fssKk.s:92     .text.eeconfig_disable:0000000000000000 eeconfig_disable
/var/folders/dz/_5509m0x1cvcwp6fj8ygb2300000gn/T//cc8fssKk.s:113    .text.eeconfig_is_enabled:0000000000000000 eeconfig_is_enabled
/var/folders/dz/_5509m0x1cvcwp6fj8ygb2300000gn/T//cc8fssKk.s:141    .text.eeconfig_read_debug:0000000000000000 eeconfig_read_debug
/var/folders/dz/_5509m0x1cvcwp6fj8ygb2300000gn/T//cc8fssKk.s:160    .text.eeconfig_update_debug:0000000000000000 eeconfig_update_debug
/var/folders/dz/_5509m0x1cvcwp6fj8ygb2300000gn/T//cc8fssKk.s:182    .text.eeconfig_read_default_layer:0000000000000000 eeconfig_read_default_layer
/var/folders/dz/_5509m0x1cvcwp6fj8ygb2300000gn/T//cc8fssKk.s:201    .text.eeconfig_update_default_layer:0000000000000000 eeconfig_update_default_layer
/var/folders/dz/_5509m0x1cvcwp6fj8ygb2300000gn/T//cc8fssKk.s:223    .text.eeconfig_read_keymap:0000000000000000 eeconfig_read_keymap
/var/folders/dz/_5509m0x1cvcwp6fj8ygb2300000gn/T//cc8fssKk.s:242    .text.eeconfig_update_keymap:0000000000000000 eeconfig_update_keymap
/var/folders/dz/_5509m0x1cvcwp6fj8ygb2300000gn/T//cc8fssKk.s:264    .text.eeconfig_read_backlight:0000000000000000 eeconfig_read_backlight
/var/folders/dz/_5509m0x1cvcwp6fj8ygb2300000gn/T//cc8fssKk.s:283    .text.eeconfig_update_backlight:0000000000000000 eeconfig_update_backlight
/var/folders/dz/_5509m0x1cvcwp6fj8ygb2300000gn/T//cc8fssKk.s:305    .text.eeconfig_read_audio:0000000000000000 eeconfig_read_audio
/var/folders/dz/_5509m0x1cvcwp6fj8ygb2300000gn/T//cc8fssKk.s:324    .text.eeconfig_update_audio:0000000000000000 eeconfig_update_audio

UNDEFINED SYMBOLS
eeprom_update_word
eeprom_update_byte
eeprom_read_word
eeprom_read_byte
