   1               		.file	"magic.c"
   2               	__SP_H__ = 0x3e
   3               	__SP_L__ = 0x3d
   4               	__SREG__ = 0x3f
   5               	__tmp_reg__ = 0
   6               	__zero_reg__ = 1
   7               		.text
   8               	.Ltext0:
   9               		.cfi_sections	.debug_frame
  10               		.section	.text.magic,"ax",@progbits
  11               	.global	magic
  13               	magic:
  14               	.LFB103:
  15               		.file 1 "../../../../tmk_core/common/magic.c"
   1:../../../../tmk_core/common/magic.c **** #include <stdint.h>
   2:../../../../tmk_core/common/magic.c **** #include <stdbool.h>
   3:../../../../tmk_core/common/magic.c **** #if defined(__AVR__)
   4:../../../../tmk_core/common/magic.c **** #include <util/delay.h>
   5:../../../../tmk_core/common/magic.c **** #endif
   6:../../../../tmk_core/common/magic.c **** #include "matrix.h"
   7:../../../../tmk_core/common/magic.c **** #include "bootloader.h"
   8:../../../../tmk_core/common/magic.c **** #include "debug.h"
   9:../../../../tmk_core/common/magic.c **** #include "keymap.h"
  10:../../../../tmk_core/common/magic.c **** #include "host.h"
  11:../../../../tmk_core/common/magic.c **** #include "action_layer.h"
  12:../../../../tmk_core/common/magic.c **** #include "eeconfig.h"
  13:../../../../tmk_core/common/magic.c **** #include "magic.h"
  14:../../../../tmk_core/common/magic.c **** 
  15:../../../../tmk_core/common/magic.c **** keymap_config_t keymap_config;
  16:../../../../tmk_core/common/magic.c **** 
  17:../../../../tmk_core/common/magic.c **** void magic(void)
  18:../../../../tmk_core/common/magic.c **** {
  16               		.loc 1 18 0
  17               		.cfi_startproc
  18               	/* prologue: function */
  19               	/* frame size = 0 */
  20               	/* stack size = 0 */
  21               	.L__stack_usage = 0
  19:../../../../tmk_core/common/magic.c ****     /* check signature */
  20:../../../../tmk_core/common/magic.c ****     if (!eeconfig_is_enabled()) {
  22               		.loc 1 20 0
  23 0000 0E94 0000 		call eeconfig_is_enabled
  24               	.LVL0:
  25 0004 8111      		cpse r24,__zero_reg__
  26 0006 00C0      		rjmp .L2
  21:../../../../tmk_core/common/magic.c ****         eeconfig_init();
  27               		.loc 1 21 0
  28 0008 0E94 0000 		call eeconfig_init
  29               	.LVL1:
  30               	.L2:
  22:../../../../tmk_core/common/magic.c ****     }
  23:../../../../tmk_core/common/magic.c **** 
  24:../../../../tmk_core/common/magic.c ****     /* debug enable */
  25:../../../../tmk_core/common/magic.c ****     debug_config.raw = eeconfig_read_debug();
  31               		.loc 1 25 0
  32 000c 0E94 0000 		call eeconfig_read_debug
  33               	.LVL2:
  34 0010 8093 0000 		sts debug_config,r24
  26:../../../../tmk_core/common/magic.c **** 
  27:../../../../tmk_core/common/magic.c ****     /* keymap config */
  28:../../../../tmk_core/common/magic.c ****     keymap_config.raw = eeconfig_read_keymap();
  35               		.loc 1 28 0
  36 0014 0E94 0000 		call eeconfig_read_keymap
  37               	.LVL3:
  38 0018 90E0      		ldi r25,0
  39 001a 9093 0000 		sts keymap_config+1,r25
  40 001e 8093 0000 		sts keymap_config,r24
  29:../../../../tmk_core/common/magic.c **** 
  30:../../../../tmk_core/common/magic.c **** #ifdef NKRO_ENABLE
  31:../../../../tmk_core/common/magic.c ****     keyboard_nkro = keymap_config.nkro;
  41               		.loc 1 31 0
  42 0022 87FB      		bst r24,7
  43 0024 8827      		clr r24
  44 0026 80F9      		bld r24,0
  45 0028 8093 0000 		sts keyboard_nkro,r24
  46               	.LVL4:
  32:../../../../tmk_core/common/magic.c **** #endif
  33:../../../../tmk_core/common/magic.c **** 
  34:../../../../tmk_core/common/magic.c ****     uint8_t default_layer = 0;
  35:../../../../tmk_core/common/magic.c ****     default_layer = eeconfig_read_default_layer();
  47               		.loc 1 35 0
  48 002c 0E94 0000 		call eeconfig_read_default_layer
  49               	.LVL5:
  36:../../../../tmk_core/common/magic.c ****     default_layer_set((uint32_t)default_layer);
  50               		.loc 1 36 0
  51 0030 682F      		mov r22,r24
  52 0032 70E0      		ldi r23,0
  53 0034 80E0      		ldi r24,0
  54 0036 90E0      		ldi r25,0
  55               	.LVL6:
  56 0038 0C94 0000 		jmp default_layer_set
  57               	.LVL7:
  58               		.cfi_endproc
  59               	.LFE103:
  61               		.comm	keymap_config,2,1
  62               		.text
  63               	.Letext0:
  64               		.file 2 "/usr/local/Cellar/avr-gcc/4.9.3/avr/include/stdint.h"
  65               		.file 3 "../../../../tmk_core/common/debug.h"
  66               		.file 4 "../../../../quantum/keycode_config.h"
  67               		.file 5 "../../../../tmk_core/protocol/lufa/LUFA-git/LUFA/Drivers/USB/Core/USBTask.h"
  68               		.file 6 "../../../../tmk_core/common/host.h"
  69               		.file 7 "../../../../tmk_core/common/eeconfig.h"
  70               		.file 8 "../../../../tmk_core/common/action_layer.h"
DEFINED SYMBOLS
                            *ABS*:0000000000000000 magic.c
/var/folders/dz/_5509m0x1cvcwp6fj8ygb2300000gn/T//cchhvvLt.s:2      *ABS*:000000000000003e __SP_H__
/var/folders/dz/_5509m0x1cvcwp6fj8ygb2300000gn/T//cchhvvLt.s:3      *ABS*:000000000000003d __SP_L__
/var/folders/dz/_5509m0x1cvcwp6fj8ygb2300000gn/T//cchhvvLt.s:4      *ABS*:000000000000003f __SREG__
/var/folders/dz/_5509m0x1cvcwp6fj8ygb2300000gn/T//cchhvvLt.s:5      *ABS*:0000000000000000 __tmp_reg__
/var/folders/dz/_5509m0x1cvcwp6fj8ygb2300000gn/T//cchhvvLt.s:6      *ABS*:0000000000000001 __zero_reg__
/var/folders/dz/_5509m0x1cvcwp6fj8ygb2300000gn/T//cchhvvLt.s:13     .text.magic:0000000000000000 magic
                            *COM*:0000000000000002 keymap_config

UNDEFINED SYMBOLS
eeconfig_is_enabled
eeconfig_init
eeconfig_read_debug
debug_config
eeconfig_read_keymap
keyboard_nkro
eeconfig_read_default_layer
default_layer_set
__do_clear_bss
